INFO:root:Start SimCLR training for 200 epochs.
INFO:root:Training with gpu: None.
DEBUG:root:Epoch: 0	Loss: 0.10805537551641464	Top1 accuracy: 97.265625
DEBUG:root:Epoch: 1	Loss: 0.06233341991901398	Top1 accuracy: 98.828125
DEBUG:root:Epoch: 2	Loss: 0.038301415741443634	Top1 accuracy: 100.0
DEBUG:root:Epoch: 3	Loss: 0.04857799410820007	Top1 accuracy: 100.0
DEBUG:root:Epoch: 4	Loss: 0.010504508391022682	Top1 accuracy: 99.21875
DEBUG:root:Epoch: 5	Loss: 0.019950179383158684	Top1 accuracy: 99.609375
DEBUG:root:Epoch: 6	Loss: 0.007070352789014578	Top1 accuracy: 99.21875
DEBUG:parso.cache:pickle loaded: C:\Users\kacpe\Desktop\GB\venv\lib\site-packages\jedi\third_party\typeshed\stdlib\3\builtins.pyi
DEBUG:parso.cache:pickle loaded: C:\Users\kacpe\Desktop\GB\venv\lib\site-packages\jedi\third_party\typeshed\stdlib\3\sys.pyi
DEBUG:parso.python.diff:diff parser start
DEBUG:parso.python.diff:line_lengths old: 3; new: 3
DEBUG:parso.python.diff:-> code[equal] old[1:2] new[1:2]
DEBUG:parso.python.diff:parse_part from 1 to 3 (to 2 in part parser)
DEBUG:parso.python.diff:-> code[replace] old[3:3] new[3:3]
DEBUG:parso.python.diff:diff parser end
DEBUG:parso.python.diff:diff parser start
DEBUG:parso.python.diff:line_lengths old: 3; new: 3
DEBUG:parso.python.diff:-> code[equal] old[1:2] new[1:2]
DEBUG:parso.python.diff:parse_part from 1 to 3 (to 2 in part parser)
DEBUG:parso.python.diff:-> code[replace] old[3:3] new[3:3]
DEBUG:parso.python.diff:diff parser end
DEBUG:parso.python.diff:diff parser start
DEBUG:parso.python.diff:line_lengths old: 3; new: 3
DEBUG:parso.python.diff:-> code[equal] old[1:2] new[1:2]
DEBUG:parso.python.diff:parse_part from 1 to 3 (to 2 in part parser)
DEBUG:parso.python.diff:-> code[replace] old[3:3] new[3:3]
DEBUG:parso.python.diff:diff parser end
DEBUG:parso.python.diff:diff parser start
DEBUG:parso.python.diff:line_lengths old: 3; new: 3
DEBUG:parso.python.diff:-> code[equal] old[1:2] new[1:2]
DEBUG:parso.python.diff:parse_part from 1 to 3 (to 2 in part parser)
DEBUG:parso.python.diff:-> code[replace] old[3:3] new[3:3]
DEBUG:parso.python.diff:diff parser end
DEBUG:parso.python.diff:diff parser start
DEBUG:parso.python.diff:line_lengths old: 3; new: 3
DEBUG:parso.python.diff:-> code[equal] old[1:2] new[1:2]
DEBUG:parso.python.diff:parse_part from 1 to 3 (to 2 in part parser)
DEBUG:parso.python.diff:-> code[replace] old[3:3] new[3:3]
DEBUG:parso.python.diff:diff parser end
DEBUG:parso.cache:pickle loaded: C:\Users\kacpe\Desktop\GB\venv\lib\site-packages\torchvision\transforms\__init__.py
DEBUG:parso.python.diff:diff parser start
DEBUG:parso.python.diff:line_lengths old: 3; new: 3
DEBUG:parso.python.diff:-> code[equal] old[1:2] new[1:2]
DEBUG:parso.python.diff:parse_part from 1 to 3 (to 2 in part parser)
DEBUG:parso.python.diff:-> code[replace] old[3:3] new[3:3]
DEBUG:parso.python.diff:diff parser end
DEBUG:parso.python.diff:diff parser start
DEBUG:parso.python.diff:line_lengths old: 3; new: 3
DEBUG:parso.python.diff:-> code[equal] old[1:2] new[1:2]
DEBUG:parso.python.diff:parse_part from 1 to 3 (to 2 in part parser)
DEBUG:parso.python.diff:-> code[replace] old[3:3] new[3:3]
DEBUG:parso.python.diff:diff parser end
DEBUG:parso.cache:pickle loaded: C:\Users\kacpe\AppData\Local\Programs\Python\Python38\lib\typing.py
DEBUG:parso.cache:pickle loaded: C:\Users\kacpe\Desktop\GB\venv\lib\site-packages\jedi\third_party\typeshed\stdlib\3\typing.pyi
DEBUG:parso.python.diff:diff parser start
DEBUG:parso.python.diff:line_lengths old: 3; new: 3
DEBUG:parso.python.diff:-> code[equal] old[1:2] new[1:2]
DEBUG:parso.python.diff:parse_part from 1 to 3 (to 2 in part parser)
DEBUG:parso.python.diff:-> code[replace] old[3:3] new[3:3]
DEBUG:parso.python.diff:diff parser end
DEBUG:parso.python.diff:diff parser start
DEBUG:parso.python.diff:line_lengths old: 3; new: 3
DEBUG:parso.python.diff:-> code[equal] old[1:2] new[1:2]
DEBUG:parso.python.diff:parse_part from 1 to 3 (to 2 in part parser)
DEBUG:parso.python.diff:-> code[replace] old[3:3] new[3:3]
DEBUG:parso.python.diff:diff parser end
DEBUG:parso.python.diff:diff parser start
DEBUG:parso.python.diff:line_lengths old: 3; new: 3
DEBUG:parso.python.diff:-> code[equal] old[1:2] new[1:2]
DEBUG:parso.python.diff:parse_part from 1 to 3 (to 2 in part parser)
DEBUG:parso.python.diff:-> code[replace] old[3:3] new[3:3]
DEBUG:parso.python.diff:diff parser end
DEBUG:parso.python.diff:diff parser start
DEBUG:parso.python.diff:line_lengths old: 3; new: 3
DEBUG:parso.python.diff:-> code[equal] old[1:2] new[1:2]
DEBUG:parso.python.diff:parse_part from 1 to 3 (to 2 in part parser)
DEBUG:parso.python.diff:-> code[replace] old[3:3] new[3:3]
DEBUG:parso.python.diff:diff parser end
DEBUG:parso.python.diff:diff parser start
DEBUG:parso.python.diff:line_lengths old: 3; new: 3
DEBUG:parso.python.diff:-> code[equal] old[1:2] new[1:2]
DEBUG:parso.python.diff:parse_part from 1 to 3 (to 2 in part parser)
DEBUG:parso.python.diff:-> code[replace] old[3:3] new[3:3]
DEBUG:parso.python.diff:diff parser end
DEBUG:parso.python.diff:diff parser start
DEBUG:parso.python.diff:line_lengths old: 3; new: 3
DEBUG:parso.python.diff:-> code[equal] old[1:2] new[1:2]
DEBUG:parso.python.diff:parse_part from 1 to 3 (to 2 in part parser)
DEBUG:parso.python.diff:-> code[replace] old[3:3] new[3:3]
DEBUG:parso.python.diff:diff parser end
DEBUG:parso.python.diff:diff parser start
DEBUG:parso.python.diff:line_lengths old: 3; new: 3
DEBUG:parso.python.diff:-> code[equal] old[1:2] new[1:2]
DEBUG:parso.python.diff:parse_part from 1 to 3 (to 2 in part parser)
DEBUG:parso.python.diff:-> code[replace] old[3:3] new[3:3]
DEBUG:parso.python.diff:diff parser end
INFO:root:Start SimCLR training for 200 epochs.
INFO:root:Training with gpu: None.
DEBUG:root:Epoch: 0	Loss: 0.6819311380386353	Top1 accuracy: 76.171875
